<?xml version="1.0" encoding="UTF-8"?>
<!-- Generated by org.testng.reporters.JUnitXMLReporter -->
<testsuite ignored="0" hostname="Rudra_Home" failures="0" tests="9" name="Test" time="11.559" errors="0" timestamp="2025-01-02T23:22:59 MST">
  <testcase classname="testCases.TC001_loginTest" name="logincredentails" time="0.367"/>
  <testcase classname="testCases.TC001_loginTest" name="logincredentails" time="0.37"/>
  <testcase classname="testCases.TC002_Product1_SauceLabsOnesie" name="product1_description" time="0.205"/>
  <testcase classname="testCases.TC001_loginTest" name="logincredentails" time="0.345"/>
  <testcase classname="testCases.TC003_Product2_SauceLabsBackpack" name="product2_description" time="0.168"/>
  <testcase classname="testCases.TC001_loginTest" name="logincredentails" time="0.61"/>
  <testcase classname="testCases.TC004_Product3_SauceLabsBikeLight" name="product3_description" time="0.305"/>
  <testcase classname="testCases.TC001_loginTest" name="logincredentails" time="0.56"/>
  <testcase classname="testCases.TC005_Product4_SauceLabsTShirtRed" name="product4_SauceLabsTShirtRed" time="0.323"/>
</testsuite> <!-- Test -->
