<?xml version="1.0" encoding="UTF-8"?>
<!-- Generated by org.testng.reporters.JUnitXMLReporter -->
<testsuite ignored="0" hostname="Rudra_Home" failures="0" tests="11" name="Test" time="11.416" errors="0" timestamp="2025-01-04T23:22:10 MST">
  <testcase classname="testCases.TC001_loginTest" name="logincredentails" time="0.362"/>
  <testcase classname="testCases.TC001_loginTest" name="logincredentails" time="0.333"/>
  <testcase classname="testCases.TC002_Product1_SauceLabsOnesie" name="product1_description" time="0.138"/>
  <testcase classname="testCases.TC001_loginTest" name="logincredentails" time="0.337"/>
  <testcase classname="testCases.TC003_Product2_SauceLabsBackpack" name="product2_description" time="0.131"/>
  <testcase classname="testCases.TC001_loginTest" name="logincredentails" time="0.329"/>
  <testcase classname="testCases.TC004_Product3_SauceLabsBikeLight" name="product3_description" time="0.13"/>
  <testcase classname="testCases.TC001_loginTest" name="logincredentails" time="0.341"/>
  <testcase classname="testCases.TC005_Product4_SauceLabsTShirtRed" name="product4_SauceLabsTShirtRed" time="0.115"/>
  <testcase classname="testCases.TC001_loginTest" name="logincredentails" time="0.372"/>
  <testcase classname="testCases.TC006_ProductsInCart" name="productsInCart" time="0.121"/>
</testsuite> <!-- Test -->
