<?xml version="1.0" encoding="UTF-8"?>
<testng-results ignored="0" total="11" passed="11" failed="0" skipped="0">
  <reporter-output>
  </reporter-output>
  <suite started-at="2025-01-04T23:21:58 MST" name="Suite" finished-at="2025-01-04T23:22:10 MST" duration-ms="11416">
    <groups>
    </groups>
    <test started-at="2025-01-04T23:21:58 MST" name="Test" finished-at="2025-01-04T23:22:10 MST" duration-ms="11416">
      <class name="testCases.TC006_ProductsInCart">
        <test-method is-config="true" signature="setup()[pri:0, instance:testCases.TC006_ProductsInCart@4b20ca2b]" started-at="2025-01-04T23:22:08 MST" name="setup" finished-at="2025-01-04T23:22:09 MST" duration-ms="1220" status="PASS">
          <reporter-output>
          </reporter-output>
        </test-method> <!-- setup -->
        <test-method signature="logincredentails()[pri:0, instance:testCases.TC006_ProductsInCart@4b20ca2b]" started-at="2025-01-04T23:22:09 MST" name="logincredentails" finished-at="2025-01-04T23:22:09 MST" duration-ms="372" status="PASS">
          <reporter-output>
          </reporter-output>
        </test-method> <!-- logincredentails -->
        <test-method signature="productsInCart()[pri:0, instance:testCases.TC006_ProductsInCart@4b20ca2b]" started-at="2025-01-04T23:22:09 MST" name="productsInCart" finished-at="2025-01-04T23:22:09 MST" duration-ms="121" status="PASS">
          <reporter-output>
          </reporter-output>
        </test-method> <!-- productsInCart -->
        <test-method is-config="true" signature="tearDown()[pri:0, instance:testCases.TC006_ProductsInCart@4b20ca2b]" started-at="2025-01-04T23:22:09 MST" name="tearDown" finished-at="2025-01-04T23:22:10 MST" duration-ms="111" status="PASS">
          <reporter-output>
          </reporter-output>
        </test-method> <!-- tearDown -->
      </class> <!-- testCases.TC006_ProductsInCart -->
      <class name="testCases.TC005_Product4_SauceLabsTShirtRed">
        <test-method is-config="true" signature="setup()[pri:0, instance:testCases.TC005_Product4_SauceLabsTShirtRed@7b8233cd]" started-at="2025-01-04T23:22:06 MST" name="setup" finished-at="2025-01-04T23:22:07 MST" duration-ms="1233" status="PASS">
          <reporter-output>
          </reporter-output>
        </test-method> <!-- setup -->
        <test-method signature="logincredentails()[pri:0, instance:testCases.TC005_Product4_SauceLabsTShirtRed@7b8233cd]" started-at="2025-01-04T23:22:07 MST" name="logincredentails" finished-at="2025-01-04T23:22:08 MST" duration-ms="341" status="PASS">
          <reporter-output>
          </reporter-output>
        </test-method> <!-- logincredentails -->
        <test-method signature="product4_SauceLabsTShirtRed()[pri:0, instance:testCases.TC005_Product4_SauceLabsTShirtRed@7b8233cd]" started-at="2025-01-04T23:22:08 MST" name="product4_SauceLabsTShirtRed" finished-at="2025-01-04T23:22:08 MST" duration-ms="115" status="PASS">
          <reporter-output>
          </reporter-output>
        </test-method> <!-- product4_SauceLabsTShirtRed -->
        <test-method is-config="true" signature="tearDown()[pri:0, instance:testCases.TC005_Product4_SauceLabsTShirtRed@7b8233cd]" started-at="2025-01-04T23:22:08 MST" name="tearDown" finished-at="2025-01-04T23:22:08 MST" duration-ms="97" status="PASS">
          <reporter-output>
          </reporter-output>
        </test-method> <!-- tearDown -->
      </class> <!-- testCases.TC005_Product4_SauceLabsTShirtRed -->
      <class name="testCases.TC004_Product3_SauceLabsBikeLight">
        <test-method is-config="true" signature="setup()[pri:0, instance:testCases.TC004_Product3_SauceLabsBikeLight@3f792b9b]" started-at="2025-01-04T23:22:04 MST" name="setup" finished-at="2025-01-04T23:22:05 MST" duration-ms="1237" status="PASS">
          <reporter-output>
          </reporter-output>
        </test-method> <!-- setup -->
        <test-method signature="logincredentails()[pri:0, instance:testCases.TC004_Product3_SauceLabsBikeLight@3f792b9b]" started-at="2025-01-04T23:22:05 MST" name="logincredentails" finished-at="2025-01-04T23:22:06 MST" duration-ms="329" status="PASS">
          <reporter-output>
          </reporter-output>
        </test-method> <!-- logincredentails -->
        <test-method signature="product3_description()[pri:0, instance:testCases.TC004_Product3_SauceLabsBikeLight@3f792b9b]" started-at="2025-01-04T23:22:06 MST" name="product3_description" finished-at="2025-01-04T23:22:06 MST" duration-ms="130" status="PASS">
          <reporter-output>
          </reporter-output>
        </test-method> <!-- product3_description -->
        <test-method is-config="true" signature="tearDown()[pri:0, instance:testCases.TC004_Product3_SauceLabsBikeLight@3f792b9b]" started-at="2025-01-04T23:22:06 MST" name="tearDown" finished-at="2025-01-04T23:22:06 MST" duration-ms="128" status="PASS">
          <reporter-output>
          </reporter-output>
        </test-method> <!-- tearDown -->
      </class> <!-- testCases.TC004_Product3_SauceLabsBikeLight -->
      <class name="testCases.TC001_loginTest">
        <test-method is-config="true" signature="setup()[pri:0, instance:testCases.TC001_loginTest@68b6f0d6]" started-at="2025-01-04T23:21:58 MST" name="setup" finished-at="2025-01-04T23:22:00 MST" duration-ms="1702" status="PASS">
          <reporter-output>
          </reporter-output>
        </test-method> <!-- setup -->
        <test-method signature="logincredentails()[pri:0, instance:testCases.TC001_loginTest@68b6f0d6]" started-at="2025-01-04T23:22:00 MST" name="logincredentails" finished-at="2025-01-04T23:22:00 MST" duration-ms="362" status="PASS">
          <reporter-output>
          </reporter-output>
        </test-method> <!-- logincredentails -->
        <test-method is-config="true" signature="tearDown()[pri:0, instance:testCases.TC001_loginTest@68b6f0d6]" started-at="2025-01-04T23:22:00 MST" name="tearDown" finished-at="2025-01-04T23:22:00 MST" duration-ms="159" status="PASS">
          <reporter-output>
          </reporter-output>
        </test-method> <!-- tearDown -->
      </class> <!-- testCases.TC001_loginTest -->
      <class name="testCases.TC003_Product2_SauceLabsBackpack">
        <test-method is-config="true" signature="setup()[pri:0, instance:testCases.TC003_Product2_SauceLabsBackpack@62e6b5c8]" started-at="2025-01-04T23:22:02 MST" name="setup" finished-at="2025-01-04T23:22:04 MST" duration-ms="1262" status="PASS">
          <reporter-output>
          </reporter-output>
        </test-method> <!-- setup -->
        <test-method signature="logincredentails()[pri:0, instance:testCases.TC003_Product2_SauceLabsBackpack@62e6b5c8]" started-at="2025-01-04T23:22:04 MST" name="logincredentails" finished-at="2025-01-04T23:22:04 MST" duration-ms="337" status="PASS">
          <reporter-output>
          </reporter-output>
        </test-method> <!-- logincredentails -->
        <test-method signature="product2_description()[pri:0, instance:testCases.TC003_Product2_SauceLabsBackpack@62e6b5c8]" started-at="2025-01-04T23:22:04 MST" name="product2_description" finished-at="2025-01-04T23:22:04 MST" duration-ms="131" status="PASS">
          <reporter-output>
          </reporter-output>
        </test-method> <!-- product2_description -->
        <test-method is-config="true" signature="tearDown()[pri:0, instance:testCases.TC003_Product2_SauceLabsBackpack@62e6b5c8]" started-at="2025-01-04T23:22:04 MST" name="tearDown" finished-at="2025-01-04T23:22:04 MST" duration-ms="135" status="PASS">
          <reporter-output>
          </reporter-output>
        </test-method> <!-- tearDown -->
      </class> <!-- testCases.TC003_Product2_SauceLabsBackpack -->
      <class name="testCases.TC002_Product1_SauceLabsOnesie">
        <test-method is-config="true" signature="setup()[pri:0, instance:testCases.TC002_Product1_SauceLabsOnesie@1bb564e2]" started-at="2025-01-04T23:22:00 MST" name="setup" finished-at="2025-01-04T23:22:02 MST" duration-ms="1236" status="PASS">
          <reporter-output>
          </reporter-output>
        </test-method> <!-- setup -->
        <test-method signature="logincredentails()[pri:0, instance:testCases.TC002_Product1_SauceLabsOnesie@1bb564e2]" started-at="2025-01-04T23:22:02 MST" name="logincredentails" finished-at="2025-01-04T23:22:02 MST" duration-ms="333" status="PASS">
          <reporter-output>
          </reporter-output>
        </test-method> <!-- logincredentails -->
        <test-method signature="product1_description()[pri:0, instance:testCases.TC002_Product1_SauceLabsOnesie@1bb564e2]" started-at="2025-01-04T23:22:02 MST" name="product1_description" finished-at="2025-01-04T23:22:02 MST" duration-ms="138" status="PASS">
          <reporter-output>
          </reporter-output>
        </test-method> <!-- product1_description -->
        <test-method is-config="true" signature="tearDown()[pri:0, instance:testCases.TC002_Product1_SauceLabsOnesie@1bb564e2]" started-at="2025-01-04T23:22:02 MST" name="tearDown" finished-at="2025-01-04T23:22:02 MST" duration-ms="127" status="PASS">
          <reporter-output>
          </reporter-output>
        </test-method> <!-- tearDown -->
      </class> <!-- testCases.TC002_Product1_SauceLabsOnesie -->
    </test> <!-- Test -->
  </suite> <!-- Suite -->
</testng-results>
